PRT1
2
539
4 0 1 (6144 -1420 -121.333000 ) (6144 -1304 -121.333000 ) (6208 -1304 -121.333000 ) (6208 -1420 -121.333000 ) 
4 0 1 (6144 -1508 -121.333000 ) (6144 -1420 -121.333000 ) (6208 -1420 -121.333000 ) (6208 -1508 -121.333000 ) 
4 0 1 (6208 -1420 -121.333000 ) (6900 -1420 -121.333000 ) (6900 -1508 -121.333000 ) (6208 -1508 -121.333000 ) 
4 0 1 (6208 -2048 -121.333000 ) (6144 -2048 -121.333000 ) (6144 -1508 -121.333000 ) (6208 -1508 -121.333000 ) 
4 0 1 (6900 -2048 -121.333000 ) (6208 -2048 -121.333000 ) (6208 -1508 -121.333000 ) (6900 -1508 -121.333000 ) 
4 0 1 (5120 -1508 -121.333000 ) (5120 -1304 -121.333000 ) (6144 -1304 -121.333000 ) (6144 -1508 -121.333000 ) 
4 0 1 (6144 -2048 -121.333000 ) (5120 -2048 -121.333000 ) (5120 -1508 -121.333000 ) (6144 -1508 -121.333000 ) 
4 0 1 (5120 -1304 -121.333000 ) (5120 -1484 -121.333000 ) (4372 -1484 -121.333000 ) (4372 -1304 -121.333000 ) 
4 0 1 (4096 -1508 -121.333000 ) (4096 -1484 -121.333000 ) (5120 -1484 -121.333000 ) (5120 -1508 -121.333000 ) 
4 0 1 (4096 -2048 -121.333000 ) (4096 -1508 -121.333000 ) (5120 -1508 -121.333000 ) (5120 -2048 -121.333000 ) 
4 0 1 (6144 -3072 -121.333000 ) (6144 -2048 -121.333000 ) (6900 -2048 -121.333000 ) (6900 -3072 -121.333000 ) 
4 0 1 (6900 -4096 -121.333000 ) (6144 -4096 -121.333000 ) (6144 -3792 -121.333000 ) (6900 -3792 -121.333000 ) 
4 0 1 (6144 -3792 -121.333000 ) (6144 -3072 -121.333000 ) (6900 -3072 -121.333000 ) (6900 -3792 -121.333000 ) 
4 0 1 (6144 -3072 -121.333000 ) (5120 -3072 -121.333000 ) (5120 -2048 -121.333000 ) (6144 -2048 -121.333000 ) 
4 0 1 (5120 -2048 -121.333000 ) (5120 -3072 -121.333000 ) (5106.610352 -3072 -121.333000 ) (5106.610352 -2048 -121.333000 ) 
4 0 1 (5098 -2802 -121.333000 ) (5098 -2048 -121.333000 ) (5104 -2048 -121.333000 ) (5104 -2802 -121.333000 ) 
4 0 1 (5104 -2048 -121.333000 ) (5106.610352 -2048 -121.333000 ) (5106.610352 -2802 -121.333000 ) (5104 -2802 -121.333000 ) 
4 0 1 (5104 -2802 -121.333000 ) (5106.610352 -2802 -121.333000 ) (5106.610352 -2825 -121.333000 ) (5104 -2825 -121.333000 ) 
4 0 1 (5106.610352 -2825 -121.333000 ) (5106.610352 -2827 -121.333000 ) (5104 -2827 -121.333000 ) (5104 -2825 -121.333000 ) 
4 0 1 (5106.610352 -2843 -121.333000 ) (5106.610352 -2879 -121.333000 ) (5104 -2879 -121.333000 ) (5104 -2843 -121.333000 ) 
4 0 1 (5106.610352 -2827 -121.333000 ) (5106.610352 -2843 -121.333000 ) (5104 -2843 -121.333000 ) (5104 -2827 -121.333000 ) 
4 0 1 (5106.610352 -2879 -121.333000 ) (5106.610352 -2881 -121.333000 ) (5104 -2881 -121.333000 ) (5104 -2879 -121.333000 ) 
4 0 1 (5106.610352 -2915 -121.333000 ) (5106.610352 -2917 -121.333000 ) (5104 -2917 -121.333000 ) (5104 -2915 -121.333000 ) 
4 0 1 (5106.610352 -2881 -121.333000 ) (5106.610352 -2915 -121.333000 ) (5104 -2915 -121.333000 ) (5104 -2881 -121.333000 ) 
4 0 1 (5098 -2810 -121.333000 ) (5098 -2802 -121.333000 ) (5104 -2802 -121.333000 ) (5104 -2810 -121.333000 ) 
4 0 1 (5098 -2825 -121.333000 ) (5098 -2810 -121.333000 ) (5104 -2810 -121.333000 ) (5104 -2825 -121.333000 ) 
4 0 1 (5100.610352 -2825 -121.333000 ) (5104 -2825 -121.333000 ) (5104 -2827 -121.333000 ) (5100.610352 -2827 -121.333000 ) 
4 0 1 (5104 -2827 -121.333000 ) (5104 -2843 -121.333000 ) (5100.610352 -2843 -121.333000 ) (5100.610352 -2827 -121.333000 ) 
4 0 1 (5098 -2843 -121.333000 ) (5098 -2825 -121.333000 ) (5100.610352 -2825 -121.333000 ) (5100.610352 -2843 -121.333000 ) 
4 0 1 (5098 -2845 -121.333000 ) (5098 -2843 -121.333000 ) (5104 -2843 -121.333000 ) (5104 -2845 -121.333000 ) 
4 0 1 (5098 -2861 -121.333000 ) (5098 -2845 -121.333000 ) (5104 -2845 -121.333000 ) (5104 -2861 -121.333000 ) 
4 0 1 (5098 -2863 -121.333000 ) (5098 -2861 -121.333000 ) (5104 -2861 -121.333000 ) (5104 -2863 -121.333000 ) 
4 0 1 (5098 -2879 -121.333000 ) (5098 -2863 -121.333000 ) (5104 -2863 -121.333000 ) (5104 -2879 -121.333000 ) 
4 0 1 (5100.610352 -2879 -121.333000 ) (5104 -2879 -121.333000 ) (5104 -2881 -121.333000 ) (5100.610352 -2881 -121.333000 ) 
4 0 1 (5098 -2881 -121.333000 ) (5098 -2879 -121.333000 ) (5100.610352 -2879 -121.333000 ) (5100.610352 -2881 -121.333000 ) 
4 0 1 (5098 -2897 -121.333000 ) (5098 -2881 -121.333000 ) (5104 -2881 -121.333000 ) (5104 -2897 -121.333000 ) 
4 0 1 (5098 -2899 -121.333000 ) (5098 -2897 -121.333000 ) (5104 -2897 -121.333000 ) (5104 -2899 -121.333000 ) 
4 0 1 (5098 -2915 -121.333000 ) (5098 -2899 -121.333000 ) (5104 -2899 -121.333000 ) (5104 -2915 -121.333000 ) 
4 0 1 (5098 -2917 -121.333000 ) (5098 -2915 -121.333000 ) (5104 -2915 -121.333000 ) (5104 -2917 -121.333000 ) 
4 0 1 (5100.610352 -2933 -121.333000 ) (5100.610352 -2917 -121.333000 ) (5106.610352 -2917 -121.333000 ) (5106.610352 -2933 -121.333000 ) 
4 0 1 (5100.610352 -2935 -121.333000 ) (5100.610352 -2933 -121.333000 ) (5106.610352 -2933 -121.333000 ) (5106.610352 -2935 -121.333000 ) 
4 0 1 (5106.610352 -2953 -121.333000 ) (5106.610352 -2969 -121.333000 ) (5104 -2969 -121.333000 ) (5104 -2953 -121.333000 ) 
4 0 1 (5104 -2935 -121.333000 ) (5106.610352 -2935 -121.333000 ) (5106.610352 -2953 -121.333000 ) (5104 -2953 -121.333000 ) 
4 0 1 (5100.610352 -2951 -121.333000 ) (5100.610352 -2935 -121.333000 ) (5104 -2935 -121.333000 ) (5104 -2951 -121.333000 ) 
4 0 1 (5100.610352 -2953 -121.333000 ) (5100.610352 -2951 -121.333000 ) (5104 -2951 -121.333000 ) (5104 -2953 -121.333000 ) 
4 0 1 (5100.610352 -2969 -121.333000 ) (5100.610352 -2953 -121.333000 ) (5104 -2953 -121.333000 ) (5104 -2969 -121.333000 ) 
4 0 1 (5104 -2969 -121.333000 ) (5106.610352 -2969 -121.333000 ) (5106.610352 -2971 -121.333000 ) (5104 -2971 -121.333000 ) 
4 0 1 (5100.610352 -2971 -121.333000 ) (5100.610352 -2969 -121.333000 ) (5104 -2969 -121.333000 ) (5104 -2971 -121.333000 ) 
4 0 1 (5104 -2971 -121.333000 ) (5106.610352 -2971 -121.333000 ) (5106.610352 -2987 -121.333000 ) (5104 -2987 -121.333000 ) 
4 0 1 (5106.610352 -2987 -121.333000 ) (5106.610352 -2989 -121.333000 ) (5104 -2989 -121.333000 ) (5104 -2987 -121.333000 ) 
4 0 1 (5106.610352 -2989 -121.333000 ) (5106.610352 -3005 -121.333000 ) (5104 -3005 -121.333000 ) (5104 -2989 -121.333000 ) 
4 0 1 (5100.610352 -2987 -121.333000 ) (5100.610352 -2971 -121.333000 ) (5104 -2971 -121.333000 ) (5104 -2987 -121.333000 ) 
4 0 1 (5100.610352 -2989 -121.333000 ) (5100.610352 -2987 -121.333000 ) (5104 -2987 -121.333000 ) (5104 -2989 -121.333000 ) 
4 0 1 (5100.610352 -3005 -121.333000 ) (5100.610352 -2989 -121.333000 ) (5104 -2989 -121.333000 ) (5104 -3005 -121.333000 ) 
4 0 1 (5104 -3005 -121.333000 ) (5106.610352 -3005 -121.333000 ) (5106.610352 -3023 -121.333000 ) (5104 -3023 -121.333000 ) 
4 0 1 (5100.610352 -3007 -121.333000 ) (5100.610352 -3005 -121.333000 ) (5104 -3005 -121.333000 ) (5104 -3007 -121.333000 ) 
4 0 1 (5100.610352 -3023 -121.333000 ) (5100.610352 -3007 -121.333000 ) (5104 -3007 -121.333000 ) (5104 -3023 -121.333000 ) 
4 0 1 (5100.610352 -3025 -121.333000 ) (5100.610352 -3023 -121.333000 ) (5106.610352 -3023 -121.333000 ) (5106.610352 -3025 -121.333000 ) 
4 0 1 (5104 -3025 -121.333000 ) (5106.610352 -3025 -121.333000 ) (5106.610352 -3041 -121.333000 ) (5104 -3041 -121.333000 ) 
4 0 1 (5106.610352 -3041 -121.333000 ) (5106.610352 -3043 -121.333000 ) (5104 -3043 -121.333000 ) (5104 -3041 -121.333000 ) 
4 0 1 (5106.610352 -3043 -121.333000 ) (5106.610352 -3059 -121.333000 ) (5104 -3059 -121.333000 ) (5104 -3043 -121.333000 ) 
4 0 1 (5100.610352 -3041 -121.333000 ) (5100.610352 -3025 -121.333000 ) (5104 -3025 -121.333000 ) (5104 -3041 -121.333000 ) 
4 0 1 (5100.610352 -3043 -121.333000 ) (5100.610352 -3041 -121.333000 ) (5104 -3041 -121.333000 ) (5104 -3043 -121.333000 ) 
4 0 1 (5100.610352 -3059 -121.333000 ) (5100.610352 -3043 -121.333000 ) (5104 -3043 -121.333000 ) (5104 -3059 -121.333000 ) 
4 0 1 (5104 -3061 -121.333000 ) (5104 -3059 -121.333000 ) (5106.610352 -3059 -121.333000 ) (5106.610352 -3061 -121.333000 ) 
4 0 1 (5106.610352 -3072 -121.333000 ) (5104 -3072 -121.333000 ) (5104 -3061 -121.333000 ) (5106.610352 -3061 -121.333000 ) 
4 0 1 (5100.610352 -3061 -121.333000 ) (5100.610352 -3059 -121.333000 ) (5104 -3059 -121.333000 ) (5104 -3061 -121.333000 ) 
4 0 1 (5104 -3072 -121.333000 ) (5100.610352 -3072 -121.333000 ) (5100.610352 -3061 -121.333000 ) (5104 -3061 -121.333000 ) 
4 0 1 (5098 -2951 -121.333000 ) (5098 -2935 -121.333000 ) (5100.610352 -2935 -121.333000 ) (5100.610352 -2951 -121.333000 ) 
4 0 1 (5098 -2935 -121.333000 ) (5098 -2917 -121.333000 ) (5100.610352 -2917 -121.333000 ) (5100.610352 -2935 -121.333000 ) 
4 0 1 (5098 -2953 -121.333000 ) (5098 -2951 -121.333000 ) (5100.610352 -2951 -121.333000 ) (5100.610352 -2953 -121.333000 ) 
4 0 1 (5098 -3005 -121.333000 ) (5098 -2989 -121.333000 ) (5100.610352 -2989 -121.333000 ) (5100.610352 -3005 -121.333000 ) 
4 0 1 (5098 -2989 -121.333000 ) (5098 -2953 -121.333000 ) (5100.610352 -2953 -121.333000 ) (5100.610352 -2989 -121.333000 ) 
4 0 1 (5098 -3007 -121.333000 ) (5098 -3005 -121.333000 ) (5100.610352 -3005 -121.333000 ) (5100.610352 -3007 -121.333000 ) 
4 0 1 (5100.610352 -3072 -121.333000 ) (5098 -3072 -121.333000 ) (5098 -3041 -121.333000 ) (5100.610352 -3041 -121.333000 ) 
4 0 1 (5098 -3041 -121.333000 ) (5098 -3023 -121.333000 ) (5100.610352 -3023 -121.333000 ) (5100.610352 -3041 -121.333000 ) 
4 0 1 (5098 -3023 -121.333000 ) (5098 -3007 -121.333000 ) (5100.610352 -3007 -121.333000 ) (5100.610352 -3023 -121.333000 ) 
4 0 1 (5098 -3072 -121.333000 ) (4096 -3072 -121.333000 ) (4096 -2048 -121.333000 ) (5098 -2048 -121.333000 ) 
4 0 1 (5772.595703 -3072 -121.333000 ) (6144 -3072 -121.333000 ) (6144 -3673.840332 -121.333000 ) (5772.958984 -3673.840332 -121.333000 ) 
4 0 1 (5546 -3072 -121.333000 ) (5548 -3072 -121.333000 ) (5548 -3120 -121.333000 ) (5546 -3120 -121.333000 ) 
4 0 1 (5548 -3072 -121.333000 ) (5772.595703 -3072 -121.333000 ) (5772.625000 -3120 -121.333000 ) (5548 -3120 -121.333000 ) 
4 0 1 (5548 -3122 -121.333000 ) (5546 -3122 -121.333000 ) (5546 -3120 -121.333000 ) (5548 -3120 -121.333000 ) 
4 0 1 (5772.625000 -3120 -121.333000 ) (5772.625977 -3122 -121.333000 ) (5548 -3122 -121.333000 ) (5548 -3120 -121.333000 ) 
4 0 1 (5772.625977 -3122 -121.333000 ) (5772.958984 -3673.840332 -121.333000 ) (5548 -3673.840332 -121.333000 ) (5548 -3122 -121.333000 ) 
4 0 1 (5546 -3163.557617 -121.333000 ) (5546 -3122 -121.333000 ) (5548 -3122 -121.333000 ) (5548 -3163.559570 -121.333000 ) 
4 0 1 (5546 -3276.624756 -121.333000 ) (5546 -3170.191895 -121.333000 ) (5548 -3170.190674 -121.333000 ) (5548 -3276.625000 -121.333000 ) 
4 0 1 (5548 -3673.840332 -121.333000 ) (5546 -3673.840332 -121.333000 ) (5546 -3276.624756 -121.333000 ) (5548 -3276.625000 -121.333000 ) 
4 0 1 (5546 -3170.191895 -121.333000 ) (5546 -3163.557617 -121.333000 ) (5548 -3163.559570 -121.333000 ) (5548 -3170.190674 -121.333000 ) 
4 0 1 (5542 -3072 -121.333000 ) (5546 -3072 -121.333000 ) (5546 -3120 -121.333000 ) (5542 -3120 -121.333000 ) 
4 0 1 (5546 -3120 -121.333000 ) (5546 -3122 -121.333000 ) (5542 -3122 -121.333000 ) (5542 -3120 -121.333000 ) 
4 0 1 (5546 -3122 -121.333000 ) (5546 -3125 -121.333000 ) (5542 -3125 -121.333000 ) (5542 -3122 -121.333000 ) 
4 0 1 (5546 -3125 -121.333000 ) (5546 -3144 -121.333000 ) (5542 -3144 -121.333000 ) (5542 -3125 -121.333000 ) 
4 0 1 (5546 -3144 -121.333000 ) (5546 -3146 -121.333000 ) (5542 -3146 -121.333000 ) (5542 -3144 -121.333000 ) 
4 0 1 (5546 -3146 -121.333000 ) (5546 -3161 -121.333000 ) (5542 -3161 -121.333000 ) (5542 -3146 -121.333000 ) 
4 0 1 (5546 -3161 -121.333000 ) (5546 -3163 -121.333000 ) (5542 -3163 -121.333000 ) (5542 -3161 -121.333000 ) 
4 0 1 (5546 -3163 -121.333000 ) (5546 -3180 -121.333000 ) (5542 -3180 -121.333000 ) (5542 -3163 -121.333000 ) 
4 0 1 (5546 -3180 -121.333000 ) (5546 -3182 -121.333000 ) (5542 -3182 -121.333000 ) (5542 -3180 -121.333000 ) 
4 0 1 (5546 -3182 -121.333000 ) (5546 -3197 -121.333000 ) (5542 -3197 -121.333000 ) (5542 -3182 -121.333000 ) 
4 0 1 (5546 -3197 -121.333000 ) (5546 -3199 -121.333000 ) (5542 -3199 -121.333000 ) (5542 -3197 -121.333000 ) 
4 0 1 (5546 -3199 -121.333000 ) (5546 -3216 -121.333000 ) (5542 -3216 -121.333000 ) (5542 -3199 -121.333000 ) 
4 0 1 (5546 -3216 -121.333000 ) (5546 -3218 -121.333000 ) (5542 -3218 -121.333000 ) (5542 -3216 -121.333000 ) 
4 0 1 (5546 -3218 -121.333000 ) (5546 -3234 -121.333000 ) (5542 -3234 -121.333000 ) (5542 -3218 -121.333000 ) 
4 0 1 (5546 -3234 -121.333000 ) (5546 -3236 -121.333000 ) (5542 -3236 -121.333000 ) (5542 -3234 -121.333000 ) 
4 0 1 (5546 -3236 -121.333000 ) (5546 -3249 -121.333000 ) (5542 -3249 -121.333000 ) (5542 -3236 -121.333000 ) 
4 0 1 (5546 -3249 -121.333000 ) (5546 -3253 -121.333000 ) (5542 -3253 -121.333000 ) (5542 -3249 -121.333000 ) 
4 0 1 (5546 -3253 -121.333000 ) (5546 -3307 -121.333000 ) (5542 -3307 -121.333000 ) (5542 -3253 -121.333000 ) 
4 0 1 (5546 -3307 -121.333000 ) (5546 -3311 -121.333000 ) (5542 -3311 -121.333000 ) (5542 -3307 -121.333000 ) 
4 0 1 (5546 -3311 -121.333000 ) (5546 -3315 -121.333000 ) (5542 -3315 -121.333000 ) (5542 -3311 -121.333000 ) 
4 0 1 (5546 -3315 -121.333000 ) (5546 -3319 -121.333000 ) (5542 -3319 -121.333000 ) (5542 -3315 -121.333000 ) 
4 0 1 (5546 -3319 -121.333000 ) (5546 -3334 -121.333000 ) (5542 -3334 -121.333000 ) (5542 -3319 -121.333000 ) 
4 0 1 (5546 -3334 -121.333000 ) (5546 -3336 -121.333000 ) (5542 -3336 -121.333000 ) (5542 -3334 -121.333000 ) 
4 0 1 (5546 -3336 -121.333000 ) (5546 -3353 -121.333000 ) (5542 -3353 -121.333000 ) (5542 -3336 -121.333000 ) 
4 0 1 (5546 -3353 -121.333000 ) (5546 -3355 -121.333000 ) (5542 -3355 -121.333000 ) (5542 -3353 -121.333000 ) 
4 0 1 (5546 -3355 -121.333000 ) (5546 -3370 -121.333000 ) (5542 -3370 -121.333000 ) (5542 -3355 -121.333000 ) 
4 0 1 (5546 -3370 -121.333000 ) (5546 -3372 -121.333000 ) (5542 -3372 -121.333000 ) (5542 -3370 -121.333000 ) 
4 0 1 (5546 -3372 -121.333000 ) (5546 -3389 -121.333000 ) (5542 -3389 -121.333000 ) (5542 -3372 -121.333000 ) 
4 0 1 (5546 -3389 -121.333000 ) (5546 -3391 -121.333000 ) (5542 -3391 -121.333000 ) (5542 -3389 -121.333000 ) 
4 0 1 (5546 -3391 -121.333000 ) (5546 -3407 -121.333000 ) (5542 -3407 -121.333000 ) (5542 -3391 -121.333000 ) 
4 0 1 (5546 -3407 -121.333000 ) (5546 -3409 -121.333000 ) (5542 -3409 -121.333000 ) (5542 -3407 -121.333000 ) 
4 0 1 (5546 -3409 -121.333000 ) (5546 -3425 -121.333000 ) (5542 -3425 -121.333000 ) (5542 -3409 -121.333000 ) 
4 0 1 (5546 -3425 -121.333000 ) (5546 -3427 -121.333000 ) (5542 -3427 -121.333000 ) (5542 -3425 -121.333000 ) 
4 0 1 (5546 -3427 -121.333000 ) (5546 -3443 -121.333000 ) (5542 -3443 -121.333000 ) (5542 -3427 -121.333000 ) 
4 0 1 (5546 -3443 -121.333000 ) (5546 -3445 -121.333000 ) (5542 -3445 -121.333000 ) (5542 -3443 -121.333000 ) 
4 0 1 (5546 -3445 -121.333000 ) (5546 -3462 -121.333000 ) (5542 -3462 -121.333000 ) (5542 -3445 -121.333000 ) 
4 0 1 (5546 -3462 -121.333000 ) (5546 -3464 -121.333000 ) (5542 -3464 -121.333000 ) (5542 -3462 -121.333000 ) 
4 0 1 (5546 -3464 -121.333000 ) (5546 -3481 -121.333000 ) (5542 -3481 -121.333000 ) (5542 -3464 -121.333000 ) 
4 0 1 (5546 -3481 -121.333000 ) (5546 -3483 -121.333000 ) (5542 -3483 -121.333000 ) (5542 -3481 -121.333000 ) 
4 0 1 (5546 -3483 -121.333000 ) (5546 -3500 -121.333000 ) (5542 -3500 -121.333000 ) (5542 -3483 -121.333000 ) 
4 0 1 (5546 -3500 -121.333000 ) (5546 -3502 -121.333000 ) (5542 -3502 -121.333000 ) (5542 -3500 -121.333000 ) 
4 0 1 (5546 -3502 -121.333000 ) (5546 -3518 -121.333000 ) (5542 -3518 -121.333000 ) (5542 -3502 -121.333000 ) 
4 0 1 (5546 -3518 -121.333000 ) (5546 -3520 -121.333000 ) (5542 -3520 -121.333000 ) (5542 -3518 -121.333000 ) 
4 0 1 (5546 -3520 -121.333000 ) (5546 -3536 -121.333000 ) (5542 -3536 -121.333000 ) (5542 -3520 -121.333000 ) 
4 0 1 (5546 -3536 -121.333000 ) (5546 -3540 -121.333000 ) (5542 -3540 -121.333000 ) (5542 -3536 -121.333000 ) 
4 0 1 (5546 -3540 -121.333000 ) (5546 -3594 -121.333000 ) (5542 -3594 -121.333000 ) (5542 -3540 -121.333000 ) 
4 0 1 (5546 -3594 -121.333000 ) (5546 -3598 -121.333000 ) (5542 -3598 -121.333000 ) (5542 -3594 -121.333000 ) 
4 0 1 (5546 -3598 -121.333000 ) (5546 -3612 -121.333000 ) (5542 -3612 -121.333000 ) (5542 -3598 -121.333000 ) 
4 0 1 (5546 -3612 -121.333000 ) (5546 -3614 -121.333000 ) (5542 -3614 -121.333000 ) (5542 -3612 -121.333000 ) 
4 0 1 (5546 -3614 -121.333000 ) (5546 -3628 -121.333000 ) (5542 -3628 -121.333000 ) (5542 -3614 -121.333000 ) 
4 0 1 (5546 -3628 -121.333000 ) (5546 -3634 -121.333000 ) (5542 -3634 -121.333000 ) (5542 -3628 -121.333000 ) 
4 0 1 (5546 -3634 -121.333000 ) (5546 -3673.840332 -121.333000 ) (5542 -3673.840332 -121.333000 ) (5542 -3634 -121.333000 ) 
4 0 1 (5483.930664 -3072 -121.333000 ) (5542 -3072 -121.333000 ) (5542 -3120 -121.333000 ) (5483.930664 -3120 -121.333000 ) 
4 0 1 (5542 -3120 -121.333000 ) (5542 -3122 -121.333000 ) (5541 -3122 -121.333000 ) (5541 -3120 -121.333000 ) 
4 0 1 (5542 -3122 -121.333000 ) (5542 -3124 -121.333000 ) (5541 -3124 -121.333000 ) (5541 -3122 -121.333000 ) 
4 0 1 (5529 -3120 -121.333000 ) (5541 -3120 -121.333000 ) (5541 -3122 -121.333000 ) (5529 -3122 -121.333000 ) 
4 0 1 (5527 -3120 -121.333000 ) (5529 -3120 -121.333000 ) (5529 -3122 -121.333000 ) (5527 -3122 -121.333000 ) 
4 0 1 (5513 -3122 -121.333000 ) (5513 -3120 -121.333000 ) (5527 -3120 -121.333000 ) (5527 -3122 -121.333000 ) 
4 0 1 (5541 -3124 -121.333000 ) (5529 -3124 -121.333000 ) (5529 -3122 -121.333000 ) (5541 -3122 -121.333000 ) 
4 0 1 (5529 -3124 -121.333000 ) (5527 -3124 -121.333000 ) (5527 -3122 -121.333000 ) (5529 -3122 -121.333000 ) 
4 0 1 (5527 -3124 -121.333000 ) (5513 -3124 -121.333000 ) (5513 -3122 -121.333000 ) (5527 -3122 -121.333000 ) 
4 0 1 (5511 -3120 -121.333000 ) (5513 -3120 -121.333000 ) (5513 -3122 -121.333000 ) (5511 -3122 -121.333000 ) 
4 0 1 (5503.566895 -3120 -121.333000 ) (5511 -3120 -121.333000 ) (5511 -3122 -121.333000 ) (5503.568359 -3122 -121.333000 ) 
4 0 1 (5483.930664 -3122 -121.333000 ) (5483.930664 -3120 -121.333000 ) (5496.624512 -3120 -121.333000 ) (5496.625000 -3122 -121.333000 ) 
4 0 1 (5496.624512 -3120 -121.333000 ) (5503.566895 -3120 -121.333000 ) (5503.568359 -3122 -121.333000 ) (5496.625000 -3122 -121.333000 ) 
4 0 1 (5513 -3124 -121.333000 ) (5511 -3124 -121.333000 ) (5511 -3122 -121.333000 ) (5513 -3122 -121.333000 ) 
4 0 1 (5511 -3124 -121.333000 ) (5483.930664 -3124 -121.333000 ) (5483.930664 -3122 -121.333000 ) (5511 -3122 -121.333000 ) 
4 0 1 (5542 -3124 -121.333000 ) (5542 -3125 -121.333000 ) (5541 -3125 -121.333000 ) (5541 -3124 -121.333000 ) 
4 0 1 (5542 -3125 -121.333000 ) (5542 -3315 -121.333000 ) (5541 -3315 -121.333000 ) (5541 -3125 -121.333000 ) 
4 0 1 (5511 -3315 -121.333000 ) (5483.930664 -3315 -121.333000 ) (5483.930664 -3124 -121.333000 ) (5511 -3124 -121.333000 ) 
4 0 1 (5529 -3315 -121.333000 ) (5511 -3315 -121.333000 ) (5511 -3124 -121.333000 ) (5529 -3124 -121.333000 ) 
4 0 1 (5541 -3315 -121.333000 ) (5540 -3315 -121.333000 ) (5540 -3125 -121.333000 ) (5541 -3125 -121.333000 ) 
4 0 1 (5540 -3315 -121.333000 ) (5529 -3315 -121.333000 ) (5529 -3125 -121.333000 ) (5540 -3125 -121.333000 ) 
4 0 1 (5529 -3125 -121.333000 ) (5529 -3124 -121.333000 ) (5541 -3124 -121.333000 ) (5541 -3125 -121.333000 ) 
4 0 1 (5542 -3315 -121.333000 ) (5542 -3319 -121.333000 ) (5540 -3319 -121.333000 ) (5540 -3315 -121.333000 ) 
4 0 1 (5540 -3319 -121.333000 ) (5531.610352 -3319 -121.333000 ) (5531.610352 -3315 -121.333000 ) (5540 -3315 -121.333000 ) 
4 0 1 (5529 -3319 -121.333000 ) (5527.610352 -3319 -121.333000 ) (5527.610352 -3315 -121.333000 ) (5529 -3315 -121.333000 ) 
4 0 1 (5531.610352 -3319 -121.333000 ) (5529 -3319 -121.333000 ) (5529 -3315 -121.333000 ) (5531.610352 -3315 -121.333000 ) 
4 0 1 (5511 -3319 -121.333000 ) (5483.930664 -3319 -121.333000 ) (5483.930664 -3315 -121.333000 ) (5511 -3315 -121.333000 ) 
4 0 1 (5527.610352 -3319 -121.333000 ) (5511 -3319 -121.333000 ) (5511 -3315 -121.333000 ) (5527.610352 -3315 -121.333000 ) 
4 0 1 (5511 -3628 -121.333000 ) (5483.930664 -3628 -121.333000 ) (5483.930664 -3319 -121.333000 ) (5511 -3319 -121.333000 ) 
4 0 1 (5529 -3628 -121.333000 ) (5511 -3628 -121.333000 ) (5511 -3319 -121.333000 ) (5529 -3319 -121.333000 ) 
4 0 1 (5542 -3319 -121.333000 ) (5542 -3628 -121.333000 ) (5540 -3628 -121.333000 ) (5540 -3319 -121.333000 ) 
4 0 1 (5540 -3628 -121.333000 ) (5529 -3628 -121.333000 ) (5529 -3319 -121.333000 ) (5540 -3319 -121.333000 ) 
4 0 1 (5542 -3628 -121.333000 ) (5542 -3634 -121.333000 ) (5540 -3634 -121.333000 ) (5540 -3628 -121.333000 ) 
4 0 1 (5540 -3634 -121.333000 ) (5525 -3634 -121.333000 ) (5525 -3628 -121.333000 ) (5540 -3628 -121.333000 ) 
4 0 1 (5525 -3634 -121.333000 ) (5523 -3634 -121.333000 ) (5523 -3628 -121.333000 ) (5525 -3628 -121.333000 ) 
4 0 1 (5523 -3634 -121.333000 ) (5506 -3634 -121.333000 ) (5506 -3628 -121.333000 ) (5523 -3628 -121.333000 ) 
4 0 1 (5506 -3634 -121.333000 ) (5504 -3634 -121.333000 ) (5504 -3628 -121.333000 ) (5506 -3628 -121.333000 ) 
4 0 1 (5504 -3634 -121.333000 ) (5488 -3634 -121.333000 ) (5488 -3628 -121.333000 ) (5504 -3628 -121.333000 ) 
4 0 1 (5488 -3634 -121.333000 ) (5486 -3634 -121.333000 ) (5486 -3628 -121.333000 ) (5488 -3628 -121.333000 ) 
4 0 1 (5486 -3634 -121.333000 ) (5483.930664 -3634 -121.333000 ) (5483.930664 -3628 -121.333000 ) (5486 -3628 -121.333000 ) 
4 0 1 (5542 -3634 -121.333000 ) (5542 -3673.840332 -121.333000 ) (5483.930664 -3673.840332 -121.333000 ) (5483.930664 -3634 -121.333000 ) 
4 0 1 (5293.270508 -3072 -121.333000 ) (5483.930664 -3072 -121.333000 ) (5483.930664 -3120 -121.333000 ) (5293.270508 -3120 -121.333000 ) 
4 0 1 (5483.930664 -3120 -121.333000 ) (5483.930664 -3124 -121.333000 ) (5453 -3124 -121.333000 ) (5453 -3120 -121.333000 ) 
4 0 1 (5453 -3124 -121.333000 ) (5451 -3124 -121.333000 ) (5451 -3120 -121.333000 ) (5453 -3120 -121.333000 ) 
4 0 1 (5451 -3124 -121.333000 ) (5437 -3124 -121.333000 ) (5437 -3120 -121.333000 ) (5451 -3120 -121.333000 ) 
4 0 1 (5437 -3124 -121.333000 ) (5435 -3124 -121.333000 ) (5435 -3120 -121.333000 ) (5437 -3120 -121.333000 ) 
4 0 1 (5435 -3124 -121.333000 ) (5418 -3124 -121.333000 ) (5418 -3120 -121.333000 ) (5435 -3120 -121.333000 ) 
4 0 1 (5418 -3124 -121.333000 ) (5416 -3124 -121.333000 ) (5416 -3120 -121.333000 ) (5418 -3120 -121.333000 ) 
4 0 1 (5416 -3124 -121.333000 ) (5400 -3124 -121.333000 ) (5400 -3120 -121.333000 ) (5416 -3120 -121.333000 ) 
4 0 1 (5400 -3124 -121.333000 ) (5398 -3124 -121.333000 ) (5398 -3120 -121.333000 ) (5400 -3120 -121.333000 ) 
4 0 1 (5398 -3124 -121.333000 ) (5382 -3124 -121.333000 ) (5382 -3120 -121.333000 ) (5398 -3120 -121.333000 ) 
4 0 1 (5382 -3124 -121.333000 ) (5380 -3124 -121.333000 ) (5380 -3120 -121.333000 ) (5382 -3120 -121.333000 ) 
4 0 1 (5380 -3124 -121.333000 ) (5364 -3124 -121.333000 ) (5364 -3120 -121.333000 ) (5380 -3120 -121.333000 ) 
4 0 1 (5364 -3124 -121.333000 ) (5362 -3124 -121.333000 ) (5362 -3120 -121.333000 ) (5364 -3120 -121.333000 ) 
4 0 1 (5362 -3124 -121.333000 ) (5345 -3124 -121.333000 ) (5345 -3120 -121.333000 ) (5362 -3120 -121.333000 ) 
4 0 1 (5345 -3124 -121.333000 ) (5343 -3124 -121.333000 ) (5343 -3120 -121.333000 ) (5345 -3120 -121.333000 ) 
4 0 1 (5343 -3124 -121.333000 ) (5335 -3124 -121.333000 ) (5335 -3120 -121.333000 ) (5343 -3120 -121.333000 ) 
4 0 1 (5335 -3124 -121.333000 ) (5333 -3124 -121.333000 ) (5333 -3120 -121.333000 ) (5335 -3120 -121.333000 ) 
4 0 1 (5333 -3124 -121.333000 ) (5293.270508 -3124 -121.333000 ) (5293.270508 -3120 -121.333000 ) (5333 -3120 -121.333000 ) 
4 0 1 (5483.930664 -3124 -121.333000 ) (5483.930664 -3315 -121.333000 ) (5293.270508 -3315 -121.333000 ) (5293.270508 -3124 -121.333000 ) 
4 0 1 (5483.930664 -3315 -121.333000 ) (5483.930664 -3319 -121.333000 ) (5471 -3319 -121.333000 ) (5471 -3315 -121.333000 ) 
4 0 1 (5471 -3319 -121.333000 ) (5467 -3319 -121.333000 ) (5467 -3315 -121.333000 ) (5471 -3315 -121.333000 ) 
4 0 1 (5467 -3319 -121.333000 ) (5455 -3319 -121.333000 ) (5455 -3315 -121.333000 ) (5467 -3315 -121.333000 ) 
4 0 1 (5455 -3319 -121.333000 ) (5453 -3319 -121.333000 ) (5453 -3315 -121.333000 ) (5455 -3315 -121.333000 ) 
4 0 1 (5453 -3319 -121.333000 ) (5436 -3319 -121.333000 ) (5436 -3315 -121.333000 ) (5453 -3315 -121.333000 ) 
4 0 1 (5436 -3319 -121.333000 ) (5434 -3319 -121.333000 ) (5434 -3315 -121.333000 ) (5436 -3315 -121.333000 ) 
4 0 1 (5434 -3319 -121.333000 ) (5417 -3319 -121.333000 ) (5417 -3315 -121.333000 ) (5434 -3315 -121.333000 ) 
4 0 1 (5417 -3319 -121.333000 ) (5415 -3319 -121.333000 ) (5415 -3315 -121.333000 ) (5417 -3315 -121.333000 ) 
4 0 1 (5415 -3319 -121.333000 ) (5398 -3319 -121.333000 ) (5398 -3315 -121.333000 ) (5415 -3315 -121.333000 ) 
4 0 1 (5398 -3319 -121.333000 ) (5396 -3319 -121.333000 ) (5396 -3315 -121.333000 ) (5398 -3315 -121.333000 ) 
4 0 1 (5396 -3319 -121.333000 ) (5380 -3319 -121.333000 ) (5380 -3315 -121.333000 ) (5396 -3315 -121.333000 ) 
4 0 1 (5380 -3319 -121.333000 ) (5378 -3319 -121.333000 ) (5378 -3315 -121.333000 ) (5380 -3315 -121.333000 ) 
4 0 1 (5378 -3319 -121.333000 ) (5362 -3319 -121.333000 ) (5362 -3315 -121.333000 ) (5378 -3315 -121.333000 ) 
4 0 1 (5362 -3319 -121.333000 ) (5360 -3319 -121.333000 ) (5360 -3315 -121.333000 ) (5362 -3315 -121.333000 ) 
4 0 1 (5360 -3319 -121.333000 ) (5344 -3319 -121.333000 ) (5344 -3315 -121.333000 ) (5360 -3315 -121.333000 ) 
4 0 1 (5344 -3319 -121.333000 ) (5342 -3319 -121.333000 ) (5342 -3315 -121.333000 ) (5344 -3315 -121.333000 ) 
4 0 1 (5342 -3319 -121.333000 ) (5325 -3319 -121.333000 ) (5325 -3315 -121.333000 ) (5342 -3315 -121.333000 ) 
4 0 1 (5325 -3319 -121.333000 ) (5323 -3319 -121.333000 ) (5323 -3315 -121.333000 ) (5325 -3315 -121.333000 ) 
4 0 1 (5323 -3319 -121.333000 ) (5310 -3319 -121.333000 ) (5310 -3315 -121.333000 ) (5323 -3315 -121.333000 ) 
4 0 1 (5310 -3319 -121.333000 ) (5308 -3319 -121.333000 ) (5308 -3315 -121.333000 ) (5310 -3315 -121.333000 ) 
4 0 1 (5308 -3319 -121.333000 ) (5293.270508 -3319 -121.333000 ) (5293.270508 -3315 -121.333000 ) (5308 -3315 -121.333000 ) 
4 0 1 (5483.930664 -3319 -121.333000 ) (5483.930664 -3628 -121.333000 ) (5293.270508 -3628 -121.333000 ) (5293.270508 -3319 -121.333000 ) 
4 0 1 (5483.930664 -3628 -121.333000 ) (5483.930664 -3631.760254 -121.333000 ) (5470 -3631.760254 -121.333000 ) (5470 -3628 -121.333000 ) 
4 0 1 (5470 -3631.760254 -121.333000 ) (5468 -3631.760254 -121.333000 ) (5468 -3628 -121.333000 ) (5470 -3628 -121.333000 ) 
4 0 1 (5468 -3631.760254 -121.333000 ) (5452 -3631.760254 -121.333000 ) (5452 -3628 -121.333000 ) (5468 -3628 -121.333000 ) 
4 0 1 (5452 -3631.760254 -121.333000 ) (5450 -3631.760254 -121.333000 ) (5450 -3628 -121.333000 ) (5452 -3628 -121.333000 ) 
4 0 1 (5450 -3631.760254 -121.333000 ) (5435.610352 -3631.760254 -121.333000 ) (5435.610352 -3628 -121.333000 ) (5450 -3628 -121.333000 ) 
4 0 1 (5435.610352 -3631.760254 -121.333000 ) (5433.610352 -3631.760254 -121.333000 ) (5433.610352 -3628 -121.333000 ) (5435.610352 -3628 -121.333000 ) 
4 0 1 (5433.610352 -3631.760254 -121.333000 ) (5425.610352 -3631.760254 -121.333000 ) (5425.610352 -3628 -121.333000 ) (5433.610352 -3628 -121.333000 ) 
4 0 1 (5425.610352 -3631.760254 -121.333000 ) (5421.610352 -3631.760254 -121.333000 ) (5421.610352 -3628 -121.333000 ) (5425.610352 -3628 -121.333000 ) 
4 0 1 (5421.610352 -3631.760254 -121.333000 ) (5401 -3631.760254 -121.333000 ) (5401 -3628 -121.333000 ) (5421.610352 -3628 -121.333000 ) 
4 0 1 (5401 -3631.760254 -121.333000 ) (5399 -3631.760254 -121.333000 ) (5399 -3628 -121.333000 ) (5401 -3628 -121.333000 ) 
4 0 1 (5399 -3631.760254 -121.333000 ) (5383 -3631.760254 -121.333000 ) (5383 -3628 -121.333000 ) (5399 -3628 -121.333000 ) 
4 0 1 (5383 -3631.760254 -121.333000 ) (5293.270508 -3631.760254 -121.333000 ) (5293.270508 -3628 -121.333000 ) (5383 -3628 -121.333000 ) 
4 0 1 (5168 -3072 -121.333000 ) (5293.270508 -3072 -121.333000 ) (5293.270508 -3120 -121.333000 ) (5168 -3120 -121.333000 ) 
4 0 1 (5293.270508 -3120 -121.333000 ) (5293.270508 -3124 -121.333000 ) (5276 -3124 -121.333000 ) (5276 -3120 -121.333000 ) 
4 0 1 (5276 -3124 -121.333000 ) (5274 -3124 -121.333000 ) (5274 -3120 -121.333000 ) (5276 -3120 -121.333000 ) 
4 0 1 (5274 -3124 -121.333000 ) (5261 -3124 -121.333000 ) (5261 -3120 -121.333000 ) (5274 -3120 -121.333000 ) 
4 0 1 (5261 -3124 -121.333000 ) (5259 -3124 -121.333000 ) (5259 -3120 -121.333000 ) (5261 -3120 -121.333000 ) 
4 0 1 (5259 -3124 -121.333000 ) (5242 -3124 -121.333000 ) (5242 -3120 -121.333000 ) (5259 -3120 -121.333000 ) 
4 0 1 (5242 -3124 -121.333000 ) (5240 -3124 -121.333000 ) (5240 -3120 -121.333000 ) (5242 -3120 -121.333000 ) 
4 0 1 (5240 -3124 -121.333000 ) (5222 -3124 -121.333000 ) (5222 -3120 -121.333000 ) (5240 -3120 -121.333000 ) 
4 0 1 (5222 -3124 -121.333000 ) (5220 -3124 -121.333000 ) (5220 -3120 -121.333000 ) (5222 -3120 -121.333000 ) 
4 0 1 (5220 -3124 -121.333000 ) (5204 -3124 -121.333000 ) (5204 -3120 -121.333000 ) (5220 -3120 -121.333000 ) 
4 0 1 (5204 -3124 -121.333000 ) (5202 -3124 -121.333000 ) (5202 -3120 -121.333000 ) (5204 -3120 -121.333000 ) 
4 0 1 (5202 -3124 -121.333000 ) (5186 -3124 -121.333000 ) (5186 -3120 -121.333000 ) (5202 -3120 -121.333000 ) 
4 0 1 (5186 -3124 -121.333000 ) (5184 -3124 -121.333000 ) (5184 -3120 -121.333000 ) (5186 -3120 -121.333000 ) 
4 0 1 (5184 -3124 -121.333000 ) (5168 -3124 -121.333000 ) (5168 -3120 -121.333000 ) (5184 -3120 -121.333000 ) 
4 0 1 (5293.270508 -3124 -121.333000 ) (5293.270508 -3315 -121.333000 ) (5168 -3315 -121.333000 ) (5168 -3124 -121.333000 ) 
4 0 1 (5293.270508 -3315 -121.333000 ) (5293.270508 -3319 -121.333000 ) (5287 -3319 -121.333000 ) (5287 -3315 -121.333000 ) 
4 0 1 (5287 -3319 -121.333000 ) (5285 -3319 -121.333000 ) (5285 -3315 -121.333000 ) (5287 -3315 -121.333000 ) 
4 0 1 (5285 -3319 -121.333000 ) (5268 -3319 -121.333000 ) (5268 -3315 -121.333000 ) (5285 -3315 -121.333000 ) 
4 0 1 (5268 -3319 -121.333000 ) (5266 -3319 -121.333000 ) (5266 -3315 -121.333000 ) (5268 -3315 -121.333000 ) 
4 0 1 (5266 -3319 -121.333000 ) (5249 -3319 -121.333000 ) (5249 -3315 -121.333000 ) (5266 -3315 -121.333000 ) 
4 0 1 (5249 -3319 -121.333000 ) (5247 -3319 -121.333000 ) (5247 -3315 -121.333000 ) (5249 -3315 -121.333000 ) 
4 0 1 (5247 -3319 -121.333000 ) (5239 -3319 -121.333000 ) (5239 -3315 -121.333000 ) (5247 -3315 -121.333000 ) 
4 0 1 (5239 -3319 -121.333000 ) (5236 -3319 -121.333000 ) (5236 -3315 -121.333000 ) (5239 -3315 -121.333000 ) 
4 0 1 (5236 -3319 -121.333000 ) (5181 -3319 -121.333000 ) (5181 -3315 -121.333000 ) (5236 -3315 -121.333000 ) 
4 0 1 (5181 -3319 -121.333000 ) (5177 -3319 -121.333000 ) (5177 -3315 -121.333000 ) (5181 -3315 -121.333000 ) 
4 0 1 (5177 -3319 -121.333000 ) (5168 -3319 -121.333000 ) (5168 -3315 -121.333000 ) (5177 -3315 -121.333000 ) 
4 0 1 (5293.270508 -3319 -121.333000 ) (5293.270508 -3628 -121.333000 ) (5168 -3628 -121.333000 ) (5168 -3319 -121.333000 ) 
4 0 1 (5293.270508 -3628 -121.333000 ) (5293.270508 -3634 -121.333000 ) (5291 -3634 -121.333000 ) (5291 -3628 -121.333000 ) 
4 0 1 (5291 -3634 -121.333000 ) (5287 -3634 -121.333000 ) (5287 -3628 -121.333000 ) (5291 -3628 -121.333000 ) 
4 0 1 (5287 -3634 -121.333000 ) (5275 -3634 -121.333000 ) (5275 -3628 -121.333000 ) (5287 -3628 -121.333000 ) 
4 0 1 (5275 -3634 -121.333000 ) (5273 -3634 -121.333000 ) (5273 -3628 -121.333000 ) (5275 -3628 -121.333000 ) 
4 0 1 (5273 -3634 -121.333000 ) (5259 -3634 -121.333000 ) (5259 -3628 -121.333000 ) (5273 -3628 -121.333000 ) 
4 0 1 (5259 -3634 -121.333000 ) (5255 -3634 -121.333000 ) (5255 -3628 -121.333000 ) (5259 -3628 -121.333000 ) 
4 0 1 (5255 -3634 -121.333000 ) (5201 -3634 -121.333000 ) (5201 -3628 -121.333000 ) (5255 -3628 -121.333000 ) 
4 0 1 (5201 -3634 -121.333000 ) (5197 -3634 -121.333000 ) (5197 -3628 -121.333000 ) (5201 -3628 -121.333000 ) 
4 0 1 (5197 -3634 -121.333000 ) (5184 -3634 -121.333000 ) (5184 -3628 -121.333000 ) (5197 -3628 -121.333000 ) 
4 0 1 (5184 -3634 -121.333000 ) (5182 -3634 -121.333000 ) (5182 -3628 -121.333000 ) (5184 -3628 -121.333000 ) 
4 0 1 (5182 -3634 -121.333000 ) (5168 -3634 -121.333000 ) (5168 -3628 -121.333000 ) (5182 -3628 -121.333000 ) 
4 0 1 (5293.270508 -3634 -121.333000 ) (5293.270508 -3673.840332 -121.333000 ) (5168 -3673.840332 -121.333000 ) (5168 -3634 -121.333000 ) 
4 0 1 (5162 -3072 -121.333000 ) (5168 -3072 -121.333000 ) (5168 -3120 -121.333000 ) (5162 -3120 -121.333000 ) 
4 0 1 (5168 -3120 -121.333000 ) (5168 -3128 -121.333000 ) (5162 -3128 -121.333000 ) (5162 -3120 -121.333000 ) 
4 0 1 (5168 -3128 -121.333000 ) (5168 -3138 -121.333000 ) (5162 -3138 -121.333000 ) (5162 -3128 -121.333000 ) 
4 0 1 (5168 -3138 -121.333000 ) (5168 -3140 -121.333000 ) (5162 -3140 -121.333000 ) (5162 -3138 -121.333000 ) 
4 0 1 (5168 -3140 -121.333000 ) (5168 -3154 -121.333000 ) (5162 -3154 -121.333000 ) (5162 -3140 -121.333000 ) 
4 0 1 (5168 -3154 -121.333000 ) (5168 -3158 -121.333000 ) (5162 -3158 -121.333000 ) (5162 -3154 -121.333000 ) 
4 0 1 (5168 -3158 -121.333000 ) (5168 -3212 -121.333000 ) (5162 -3212 -121.333000 ) (5162 -3158 -121.333000 ) 
4 0 1 (5168 -3212 -121.333000 ) (5168 -3216 -121.333000 ) (5162 -3216 -121.333000 ) (5162 -3212 -121.333000 ) 
4 0 1 (5168 -3216 -121.333000 ) (5168 -3313 -121.333000 ) (5162 -3313 -121.333000 ) (5162 -3216 -121.333000 ) 
4 0 1 (5168 -3313 -121.333000 ) (5168 -3315 -121.333000 ) (5162 -3315 -121.333000 ) (5162 -3313 -121.333000 ) 
4 0 1 (5168 -3315 -121.333000 ) (5168 -3331 -121.333000 ) (5162 -3331 -121.333000 ) (5162 -3315 -121.333000 ) 
4 0 1 (5168 -3331 -121.333000 ) (5168 -3335 -121.333000 ) (5162 -3335 -121.333000 ) (5162 -3331 -121.333000 ) 
4 0 1 (5168 -3335 -121.333000 ) (5168 -3389 -121.333000 ) (5162 -3389 -121.333000 ) (5162 -3335 -121.333000 ) 
4 0 1 (5168 -3389 -121.333000 ) (5168 -3393 -121.333000 ) (5162 -3393 -121.333000 ) (5162 -3389 -121.333000 ) 
4 0 1 (5168 -3393 -121.333000 ) (5168 -3456 -121.333000 ) (5162 -3456 -121.333000 ) (5162 -3393 -121.333000 ) 
4 0 1 (5168 -3456 -121.333000 ) (5168 -3458 -121.333000 ) (5162 -3458 -121.333000 ) (5162 -3456 -121.333000 ) 
4 0 1 (5168 -3458 -121.333000 ) (5168 -3473 -121.333000 ) (5162 -3473 -121.333000 ) (5162 -3458 -121.333000 ) 
4 0 1 (5168 -3473 -121.333000 ) (5168 -3477 -121.333000 ) (5162 -3477 -121.333000 ) (5162 -3473 -121.333000 ) 
4 0 1 (5168 -3477 -121.333000 ) (5168 -3531 -121.333000 ) (5162 -3531 -121.333000 ) (5162 -3477 -121.333000 ) 
4 0 1 (5168 -3531 -121.333000 ) (5168 -3539 -121.333000 ) (5162 -3539 -121.333000 ) (5162 -3531 -121.333000 ) 
4 0 1 (5168 -3539 -121.333000 ) (5168 -3593 -121.333000 ) (5162 -3593 -121.333000 ) (5162 -3539 -121.333000 ) 
4 0 1 (5168 -3593 -121.333000 ) (5168 -3597 -121.333000 ) (5162 -3597 -121.333000 ) (5162 -3593 -121.333000 ) 
4 0 1 (5168 -3597 -121.333000 ) (5168 -3612 -121.333000 ) (5162 -3612 -121.333000 ) (5162 -3597 -121.333000 ) 
4 0 1 (5168 -3612 -121.333000 ) (5168 -3614 -121.333000 ) (5162 -3614 -121.333000 ) (5162 -3612 -121.333000 ) 
4 0 1 (5168 -3614 -121.333000 ) (5168 -3628 -121.333000 ) (5162 -3628 -121.333000 ) (5162 -3614 -121.333000 ) 
4 0 1 (5168 -3628 -121.333000 ) (5168 -3634 -121.333000 ) (5162 -3634 -121.333000 ) (5162 -3628 -121.333000 ) 
4 0 1 (5168 -3634 -121.333000 ) (5168 -3673.840332 -121.333000 ) (5162 -3673.840332 -121.333000 ) (5162 -3634 -121.333000 ) 
4 0 1 (5120 -3072 -121.333000 ) (5162 -3072 -121.333000 ) (5162 -3673.840332 -121.333000 ) (5120 -3673.840332 -121.333000 ) 
4 0 1 (5293.270508 -4096 -121.333000 ) (5120 -4096 -121.333000 ) (5120 -3792 -121.333000 ) (5293.270508 -3792 -121.333000 ) 
4 0 1 (5162 -3673.840332 -121.333000 ) (5168 -3673.840332 -121.333000 ) (5168 -3792 -121.333000 ) (5162 -3792 -121.333000 ) 
4 0 1 (5120 -3792 -121.333000 ) (5120 -3673.840332 -121.333000 ) (5162 -3673.840332 -121.333000 ) (5162 -3792 -121.333000 ) 
4 0 1 (5168 -3673.840332 -121.333000 ) (5293.270508 -3673.840332 -121.333000 ) (5293.270508 -3792 -121.333000 ) (5168 -3792 -121.333000 ) 
4 0 1 (5483.930664 -4096 -121.333000 ) (5293.270508 -4096 -121.333000 ) (5293.270508 -3673.840332 -121.333000 ) (5483.930664 -3673.840332 -121.333000 ) 
4 0 1 (5542 -4096 -121.333000 ) (5483.930664 -4096 -121.333000 ) (5483.930664 -3673.840332 -121.333000 ) (5542 -3673.840332 -121.333000 ) 
4 0 1 (5546 -4096 -121.333000 ) (5542 -4096 -121.333000 ) (5542 -3673.840332 -121.333000 ) (5546 -3673.840332 -121.333000 ) 
4 0 1 (5548 -4096 -121.333000 ) (5546 -4096 -121.333000 ) (5546 -3673.840332 -121.333000 ) (5548 -3673.840332 -121.333000 ) 
4 0 1 (6144 -3673.840332 -121.333000 ) (6144 -4096 -121.333000 ) (5548 -4096 -121.333000 ) (5548 -3673.840332 -121.333000 ) 
4 0 1 (5120 -3072 -121.333000 ) (5120 -3122 -121.333000 ) (5106.610352 -3122 -121.333000 ) (5106.610352 -3072 -121.333000 ) 
4 0 1 (5104 -3077 -121.333000 ) (5104 -3072 -121.333000 ) (5106.610352 -3072 -121.333000 ) (5106.610352 -3077 -121.333000 ) 
4 0 1 (5104 -3079 -121.333000 ) (5104 -3077 -121.333000 ) (5106.610352 -3077 -121.333000 ) (5106.610352 -3079 -121.333000 ) 
4 0 1 (5104 -3116 -121.333000 ) (5104 -3095 -121.333000 ) (5106.610352 -3095 -121.333000 ) (5106.610352 -3116 -121.333000 ) 
4 0 1 (5104 -3095 -121.333000 ) (5104 -3079 -121.333000 ) (5106.610352 -3079 -121.333000 ) (5106.610352 -3095 -121.333000 ) 
4 0 1 (5106.610352 -3122 -121.333000 ) (5104 -3122 -121.333000 ) (5104 -3116 -121.333000 ) (5106.610352 -3116 -121.333000 ) 
4 0 1 (5100.610352 -3072 -121.333000 ) (5104 -3072 -121.333000 ) (5104 -3077 -121.333000 ) (5100.610352 -3077 -121.333000 ) 
4 0 1 (5104 -3077 -121.333000 ) (5104 -3079 -121.333000 ) (5100.610352 -3079 -121.333000 ) (5100.610352 -3077 -121.333000 ) 
4 0 1 (5098 -3079 -121.333000 ) (5098 -3072 -121.333000 ) (5100.610352 -3072 -121.333000 ) (5100.610352 -3079 -121.333000 ) 
4 0 1 (5100.610352 -3079 -121.333000 ) (5104 -3079 -121.333000 ) (5104 -3095 -121.333000 ) (5100.610352 -3095 -121.333000 ) 
4 0 1 (5098 -3095 -121.333000 ) (5098 -3079 -121.333000 ) (5100.610352 -3079 -121.333000 ) (5100.610352 -3095 -121.333000 ) 
4 0 1 (5098 -3097 -121.333000 ) (5098 -3095 -121.333000 ) (5104 -3095 -121.333000 ) (5104 -3097 -121.333000 ) 
4 0 1 (5100.610352 -3116 -121.333000 ) (5100.610352 -3097 -121.333000 ) (5104 -3097 -121.333000 ) (5104 -3116 -121.333000 ) 
4 0 1 (5104 -3122 -121.333000 ) (5100.610352 -3122 -121.333000 ) (5100.610352 -3116 -121.333000 ) (5104 -3116 -121.333000 ) 
4 0 1 (5100.610352 -3122 -121.333000 ) (5098 -3122 -121.333000 ) (5098 -3116 -121.333000 ) (5100.610352 -3116 -121.333000 ) 
4 0 1 (5098 -3116 -121.333000 ) (5098 -3097 -121.333000 ) (5100.610352 -3097 -121.333000 ) (5100.610352 -3116 -121.333000 ) 
4 0 1 (5034 -3122 -121.333000 ) (4991.113281 -3122 -121.333000 ) (4991.111328 -3120 -121.333000 ) (5034 -3120 -121.333000 ) 
4 0 1 (4991.111328 -3120 -121.333000 ) (4991.066406 -3072 -121.333000 ) (5034 -3072 -121.333000 ) (5034 -3120 -121.333000 ) 
4 0 1 (5044.610352 -3122 -121.333000 ) (5036.610352 -3122 -121.333000 ) (5036.610352 -3072 -121.333000 ) (5044.610352 -3072 -121.333000 ) 
4 0 1 (5036.610352 -3122 -121.333000 ) (5034 -3122 -121.333000 ) (5034 -3072 -121.333000 ) (5036.610352 -3072 -121.333000 ) 
4 0 1 (5046.610352 -3122 -121.333000 ) (5044.610352 -3122 -121.333000 ) (5044.610352 -3116 -121.333000 ) (5046.610352 -3116 -121.333000 ) 
4 0 1 (5098 -3122 -121.333000 ) (5046.610352 -3122 -121.333000 ) (5046.610352 -3116 -121.333000 ) (5098 -3116 -121.333000 ) 
4 0 1 (5044.610352 -3116 -121.333000 ) (5044.610352 -3095 -121.333000 ) (5098 -3095 -121.333000 ) (5098 -3116 -121.333000 ) 
4 0 1 (5044.610352 -3095 -121.333000 ) (5044.610352 -3072 -121.333000 ) (5098 -3072 -121.333000 ) (5098 -3095 -121.333000 ) 
4 0 1 (4110 -3118 -121.333000 ) (4110 -3072 -121.333000 ) (4991.066406 -3072 -121.333000 ) (4991.109375 -3118 -121.333000 ) 
4 0 1 (4984.489258 -3122 -121.333000 ) (4951.472168 -3122 -121.333000 ) (4951.484863 -3120 -121.333000 ) (4984.485352 -3120 -121.333000 ) 
4 0 1 (4951.472168 -3122 -121.333000 ) (4110 -3122 -121.333000 ) (4110 -3120 -121.333000 ) (4951.484863 -3120 -121.333000 ) 
4 0 1 (4110 -3120 -121.333000 ) (4110 -3118 -121.333000 ) (4984.481934 -3118 -121.333000 ) (4984.485352 -3120 -121.333000 ) 
4 0 1 (4984.485352 -3120 -121.333000 ) (4984.481934 -3118 -121.333000 ) (4991.109375 -3118 -121.333000 ) (4991.111328 -3120 -121.333000 ) 
4 0 1 (4991.113281 -3122 -121.333000 ) (4984.489258 -3122 -121.333000 ) (4984.485352 -3120 -121.333000 ) (4991.111328 -3120 -121.333000 ) 
4 0 1 (5044.610352 -3716.041016 -121.333000 ) (5044.610352 -3684.436035 -121.333000 ) (5046.610352 -3684.435059 -121.333000 ) (5046.610352 -3716.045166 -121.333000 ) 
4 0 1 (5046.610352 -4096 -121.333000 ) (5044.610352 -4096 -121.333000 ) (5044.610352 -3716.041016 -121.333000 ) (5046.610352 -3716.045166 -121.333000 ) 
4 0 1 (5100.610352 -4096 -121.333000 ) (5046.610352 -4096 -121.333000 ) (5046.610352 -3684.435059 -121.333000 ) (5100.610352 -3684.409912 -121.333000 ) 
4 0 1 (5106.610352 -4096 -121.333000 ) (5100.610352 -4096 -121.333000 ) (5100.610352 -3684.409912 -121.333000 ) (5106.610352 -3684.407227 -121.333000 ) 
4 0 1 (5120 -3684.400879 -121.333000 ) (5120 -4096 -121.333000 ) (5106.610352 -4096 -121.333000 ) (5106.610352 -3684.407227 -121.333000 ) 
4 0 1 (5100.610352 -3684.409912 -121.333000 ) (5046.610352 -3684.435059 -121.333000 ) (5046.610352 -3122 -121.333000 ) (5100.610352 -3122 -121.333000 ) 
4 0 1 (5106.610352 -3684.407227 -121.333000 ) (5100.610352 -3684.409912 -121.333000 ) (5100.610352 -3122 -121.333000 ) (5106.610352 -3122 -121.333000 ) 
4 0 1 (5120 -3122 -121.333000 ) (5120 -3684.400879 -121.333000 ) (5106.610352 -3684.407227 -121.333000 ) (5106.610352 -3122 -121.333000 ) 
4 0 1 (5044.610352 -3677.812744 -121.333000 ) (5044.610352 -3122 -121.333000 ) (5046.610352 -3122 -121.333000 ) (5046.610352 -3677.811768 -121.333000 ) 
4 0 1 (5046.610352 -3684.435059 -121.333000 ) (5044.610352 -3684.436035 -121.333000 ) (5044.610352 -3677.812744 -121.333000 ) (5046.610352 -3677.811768 -121.333000 ) 
4 0 1 (5036.610352 -3122 -121.333000 ) (5044.610352 -3122 -121.333000 ) (5044.610352 -3130 -121.333000 ) (5036.610352 -3130 -121.333000 ) 
4 0 1 (5044.610352 -3130 -121.333000 ) (5044.610352 -3290 -121.333000 ) (5036.610352 -3290 -121.333000 ) (5036.610352 -3130 -121.333000 ) 
4 0 1 (5044.610352 -3290 -121.333000 ) (5044.610352 -3298 -121.333000 ) (5036.610352 -3298 -121.333000 ) (5036.610352 -3290 -121.333000 ) 
4 0 1 (5034 -3122 -121.333000 ) (5036.610352 -3122 -121.333000 ) (5036.610352 -3298 -121.333000 ) (5034 -3298 -121.333000 ) 
4 0 1 (5044.610352 -3458 -121.333000 ) (5044.610352 -3634 -121.333000 ) (5042 -3634 -121.333000 ) (5042 -3458 -121.333000 ) 
4 0 1 (5044.610352 -3298 -121.333000 ) (5044.610352 -3458 -121.333000 ) (5042 -3458 -121.333000 ) (5042 -3298 -121.333000 ) 
4 0 1 (5036.610352 -3298 -121.333000 ) (5042 -3298 -121.333000 ) (5042 -3458 -121.333000 ) (5036.610352 -3458 -121.333000 ) 
4 0 1 (5034 -3458 -121.333000 ) (5034 -3298 -121.333000 ) (5036.610352 -3298 -121.333000 ) (5036.610352 -3458 -121.333000 ) 
4 0 1 (5034 -3466 -121.333000 ) (5034 -3458 -121.333000 ) (5042 -3458 -121.333000 ) (5042 -3466 -121.333000 ) 
4 0 1 (5034 -3626 -121.333000 ) (5034 -3466 -121.333000 ) (5042 -3466 -121.333000 ) (5042 -3626 -121.333000 ) 
4 0 1 (5042 -3634 -121.333000 ) (5034 -3634 -121.333000 ) (5034 -3626 -121.333000 ) (5042 -3626 -121.333000 ) 
4 0 1 (4110 -3634 -121.333000 ) (4110 -3122 -121.333000 ) (5034 -3122 -121.333000 ) (5034 -3634 -121.333000 ) 
4 0 1 (4982.194336 -3634 -121.333000 ) (5034 -3634 -121.333000 ) (5034 -3636 -121.333000 ) (4982.194336 -3636 -121.333000 ) 
4 0 1 (5034 -3634 -121.333000 ) (5042 -3634 -121.333000 ) (5042 -3636 -121.333000 ) (5034 -3636 -121.333000 ) 
4 0 1 (5042 -3634 -121.333000 ) (5044.610352 -3634 -121.333000 ) (5044.610352 -3636 -121.333000 ) (5042 -3636 -121.333000 ) 
4 0 1 (4110 -3636 -121.333000 ) (4110 -3634 -121.333000 ) (4975.253418 -3634 -121.333000 ) (4975.260742 -3636 -121.333000 ) 
4 0 1 (4975.253418 -3634 -121.333000 ) (4982.194336 -3634 -121.333000 ) (4982.194336 -3636 -121.333000 ) (4975.260742 -3636 -121.333000 ) 
4 0 1 (5034 -4096 -121.333000 ) (4110 -4096 -121.333000 ) (4110 -3636 -121.333000 ) (5034 -3636 -121.333000 ) 
4 0 1 (5042 -4096 -121.333000 ) (5034 -4096 -121.333000 ) (5034 -3636 -121.333000 ) (5042 -3636 -121.333000 ) 
4 0 1 (5044.610352 -4096 -121.333000 ) (5042 -4096 -121.333000 ) (5042 -3636 -121.333000 ) (5044.610352 -3636 -121.333000 ) 
4 0 1 (4096 -3636 -121.333000 ) (4096 -3634 -121.333000 ) (4110 -3634 -121.333000 ) (4110 -3636 -121.333000 ) 
4 0 1 (4096 -3634 -121.333000 ) (4096 -3122 -121.333000 ) (4110 -3122 -121.333000 ) (4110 -3634 -121.333000 ) 
4 0 1 (4096 -3928 -121.333000 ) (4096 -3636 -121.333000 ) (4110 -3636 -121.333000 ) (4110 -3928 -121.333000 ) 
4 0 1 (4096 -3122 -121.333000 ) (4096 -3120 -121.333000 ) (4110 -3120 -121.333000 ) (4110 -3122 -121.333000 ) 
4 0 1 (4096 -3120 -121.333000 ) (4096 -3072 -121.333000 ) (4110 -3072 -121.333000 ) (4110 -3120 -121.333000 ) 
4 0 1 (4110 -4096 -121.333000 ) (4096 -4096 -121.333000 ) (4096 -3928 -121.333000 ) (4110 -3928 -121.333000 ) 
4 0 1 (3072 -1508 -121.333000 ) (3072 -1484 -121.333000 ) (4096 -1484 -121.333000 ) (4096 -1508 -121.333000 ) 
4 0 1 (4096 -2048 -121.333000 ) (3072 -2048 -121.333000 ) (3072 -1508 -121.333000 ) (4096 -1508 -121.333000 ) 
4 0 1 (2048 -1484 -121.333000 ) (2048 -1352 -121.333000 ) (2296 -1352 -121.333000 ) (2296 -1484 -121.333000 ) 
4 0 1 (2048 -1508 -121.333000 ) (2048 -1484 -121.333000 ) (3072 -1484 -121.333000 ) (3072 -1508 -121.333000 ) 
4 0 1 (3072 -2048 -121.333000 ) (2048 -2048 -121.333000 ) (2048 -1508 -121.333000 ) (3072 -1508 -121.333000 ) 
4 0 1 (2048 -1352 -121.333000 ) (2048 -1508 -121.333000 ) (1216 -1508 -121.333000 ) (1216 -1352 -121.333000 ) 
4 0 1 (1216 -1508 -121.333000 ) (1184 -1508 -121.333000 ) (1184 -1352 -121.333000 ) (1216 -1352 -121.333000 ) 
4 0 1 (2048 -1508 -121.333000 ) (2048 -2048 -121.333000 ) (1216 -2048 -121.333000 ) (1216 -1508 -121.333000 ) 
4 0 1 (1216 -2048 -121.333000 ) (1184 -2048 -121.333000 ) (1184 -1508 -121.333000 ) (1216 -1508 -121.333000 ) 
4 0 1 (3072 -3072 -121.333000 ) (3072 -2048 -121.333000 ) (4096 -2048 -121.333000 ) (4096 -3072 -121.333000 ) 
4 0 1 (3574 -3072 -121.333000 ) (4096 -3072 -121.333000 ) (4096 -3792 -121.333000 ) (3574 -3792 -121.333000 ) 
4 0 1 (3488 -3072 -121.333000 ) (3574 -3072 -121.333000 ) (3574 -3706 -121.333000 ) (3488 -3706 -121.333000 ) 
4 0 1 (3574 -3706 -121.333000 ) (3574 -3724 -121.333000 ) (3488 -3724 -121.333000 ) (3488 -3706 -121.333000 ) 
4 0 1 (3574 -3724 -121.333000 ) (3574 -3792 -121.333000 ) (3488 -3792 -121.333000 ) (3488 -3724 -121.333000 ) 
4 0 1 (4096 -3792 -121.333000 ) (4096 -3992 -121.333000 ) (4000 -3992 -121.333000 ) (4000 -3792 -121.333000 ) 
4 0 1 (4000 -3992 -121.333000 ) (3944 -3992 -121.333000 ) (3944 -3792 -121.333000 ) (4000 -3792 -121.333000 ) 
4 0 1 (4096 -3992 -121.333000 ) (4096 -4000 -121.333000 ) (4000 -4000 -121.333000 ) (4000 -3992 -121.333000 ) 
4 0 1 (3928 -4000 -121.333000 ) (3560 -4000 -121.333000 ) (3560 -3910 -121.333000 ) (3928 -3910 -121.333000 ) 
4 0 1 (3488 -3910 -121.333000 ) (3488 -3792 -121.333000 ) (3552 -3792 -121.333000 ) (3552 -3910 -121.333000 ) 
4 0 1 (3152 -3072 -121.333000 ) (3488 -3072 -121.333000 ) (3488 -4000 -121.333000 ) (3152 -4000 -121.333000 ) 
4 0 1 (3072 -3160 -121.333000 ) (3072 -3072 -121.333000 ) (3152 -3072 -121.333000 ) (3152 -3160 -121.333000 ) 
4 0 1 (3152 -3204 -121.333000 ) (3152 -3324 -121.333000 ) (3144 -3324 -121.333000 ) (3144 -3204 -121.333000 ) 
4 0 1 (3072 -3324 -121.333000 ) (3072 -3204 -121.333000 ) (3144 -3204 -121.333000 ) (3144 -3324 -121.333000 ) 
4 0 1 (3072 -3204 -121.333000 ) (3072 -3168 -121.333000 ) (3144 -3168 -121.333000 ) (3144 -3204 -121.333000 ) 
4 0 1 (3072 -3360 -121.333000 ) (3072 -3324 -121.333000 ) (3144 -3324 -121.333000 ) (3144 -3360 -121.333000 ) 
4 0 1 (3072 -4000 -121.333000 ) (3072 -3368 -121.333000 ) (3152 -3368 -121.333000 ) (3152 -4000 -121.333000 ) 
4 0 1 (4000 -4000 -121.333000 ) (4096 -4000 -121.333000 ) (4096 -4038 -121.333000 ) (4000 -4038 -121.333000 ) 
4 0 1 (3496 -4000 -121.333000 ) (3992 -4000 -121.333000 ) (3992 -4038 -121.333000 ) (3496 -4038 -121.333000 ) 
4 0 1 (3072 -4038 -121.333000 ) (3072 -4000 -121.333000 ) (3152 -4000 -121.333000 ) (3152 -4038 -121.333000 ) 
4 0 1 (3152 -4000 -121.333000 ) (3488 -4000 -121.333000 ) (3488 -4038 -121.333000 ) (3152 -4038 -121.333000 ) 
4 0 1 (4000 -4038 -121.333000 ) (4096 -4038 -121.333000 ) (4096 -4094 -121.333000 ) (4000 -4094 -121.333000 ) 
4 0 1 (3496 -4038 -121.333000 ) (3992 -4038 -121.333000 ) (3992 -4094 -121.333000 ) (3496 -4094 -121.333000 ) 
4 0 1 (3072 -4094 -121.333000 ) (3072 -4038 -121.333000 ) (3152 -4038 -121.333000 ) (3152 -4094 -121.333000 ) 
4 0 1 (3152 -4038 -121.333000 ) (3488 -4038 -121.333000 ) (3488 -4094 -121.333000 ) (3152 -4094 -121.333000 ) 
4 0 1 (4096 -4096 -121.333000 ) (4000 -4096 -121.333000 ) (4000 -4094 -121.333000 ) (4096 -4094 -121.333000 ) 
4 0 1 (3992 -4096 -121.333000 ) (3496 -4096 -121.333000 ) (3496 -4094 -121.333000 ) (3992 -4094 -121.333000 ) 
4 0 1 (3152 -4096 -121.333000 ) (3072 -4096 -121.333000 ) (3072 -4094 -121.333000 ) (3152 -4094 -121.333000 ) 
4 0 1 (3488 -4096 -121.333000 ) (3152 -4096 -121.333000 ) (3152 -4094 -121.333000 ) (3488 -4094 -121.333000 ) 
4 0 1 (3072 -3072 -121.333000 ) (2048 -3072 -121.333000 ) (2048 -2048 -121.333000 ) (3072 -2048 -121.333000 ) 
4 0 1 (2048 -2048 -121.333000 ) (2048 -3072 -121.333000 ) (1216 -3072 -121.333000 ) (1216 -2048 -121.333000 ) 
4 0 1 (1216 -3072 -121.333000 ) (1184 -3072 -121.333000 ) (1184 -2048 -121.333000 ) (1216 -2048 -121.333000 ) 
4 0 1 (1184 -3072 -121.333000 ) (1052 -3072 -121.333000 ) (1052 -2488 -121.333000 ) (1184 -2488 -121.333000 ) 
4 0 1 (3008 -3072 -121.333000 ) (3072 -3072 -121.333000 ) (3072 -3160 -121.333000 ) (3008 -3160 -121.333000 ) 
4 0 1 (3000 -3072 -121.333000 ) (3008 -3072 -121.333000 ) (3008 -3136 -121.333000 ) (3000 -3136 -121.333000 ) 
4 0 1 (3072 -3168 -121.333000 ) (3072 -3360 -121.333000 ) (3000 -3360 -121.333000 ) (3000 -3168 -121.333000 ) 
4 0 1 (3072 -3368 -121.333000 ) (3072 -3512 -121.333000 ) (3008 -3512 -121.333000 ) (3008 -3368 -121.333000 ) 
4 0 1 (2752 -3072 -121.333000 ) (3000 -3072 -121.333000 ) (3000 -3136 -121.333000 ) (2752 -3136 -121.333000 ) 
4 0 1 (3000 -3144 -121.333000 ) (3000 -3504 -121.333000 ) (2760 -3504 -121.333000 ) (2760 -3144 -121.333000 ) 
4 0 1 (2752 -3496 -121.333000 ) (2752 -3432 -121.333000 ) (2760 -3432 -121.333000 ) (2760 -3496 -121.333000 ) 
4 0 1 (2048 -3072 -121.333000 ) (2752 -3072 -121.333000 ) (2752 -3504 -121.333000 ) (2048 -3504 -121.333000 ) 
4 0 1 (2752 -3512 -121.333000 ) (2048 -3512 -121.333000 ) (2048 -3504 -121.333000 ) (2752 -3504 -121.333000 ) 
4 0 1 (3072 -3512 -121.333000 ) (3072 -4096 -121.333000 ) (2048 -4096 -121.333000 ) (2048 -3512 -121.333000 ) 
4 0 1 (2048 -3072 -121.333000 ) (2048 -4096 -121.333000 ) (1216 -4096 -121.333000 ) (1216 -3072 -121.333000 ) 
4 0 1 (1216 -4096 -121.333000 ) (1052 -4096 -121.333000 ) (1052 -3072 -121.333000 ) (1216 -3072 -121.333000 ) 
4 0 1 (7168 -5120 -121.333000 ) (7168 -5088 -121.333000 ) (7656 -5088 -121.333000 ) (7656 -5120 -121.333000 ) 
4 0 1 (8448 -6144 -121.333000 ) (8192 -6144 -121.333000 ) (8192 -5528 -121.333000 ) (8448 -5528 -121.333000 ) 
4 0 1 (8192 -5528 -121.333000 ) (8192 -6144 -121.333000 ) (7656 -6144 -121.333000 ) (7656 -5528 -121.333000 ) 
4 0 1 (7656 -6144 -121.333000 ) (7168 -6144 -121.333000 ) (7168 -5120 -121.333000 ) (7656 -5120 -121.333000 ) 
4 0 1 (8448 -7168 -121.333000 ) (8192 -7168 -121.333000 ) (8192 -6144 -121.333000 ) (8448 -6144 -121.333000 ) 
4 0 1 (8192 -6144 -121.333000 ) (8192 -7168 -121.333000 ) (7168 -7168 -121.333000 ) (7168 -6144 -121.333000 ) 
4 0 1 (7168 -5120 -121.333000 ) (6900 -5120 -121.333000 ) (6900 -5088 -121.333000 ) (7168 -5088 -121.333000 ) 
4 0 1 (6900 -5120 -121.333000 ) (6144 -5120 -121.333000 ) (6144 -4096 -121.333000 ) (6900 -4096 -121.333000 ) 
4 0 1 (6144 -5120 -121.333000 ) (5120 -5120 -121.333000 ) (5120 -4120 -121.333000 ) (6144 -4120 -121.333000 ) 
4 0 1 (5120 -4120 -121.333000 ) (5120 -4096 -121.333000 ) (6144 -4096 -121.333000 ) (6144 -4120 -121.333000 ) 
4 0 1 (5012 -4140.250000 -121.333000 ) (5012 -4164.250000 -121.333000 ) (4988 -4164.250000 -121.333000 ) (4988 -4140.250000 -121.333000 ) 
4 0 1 (4988 -4096 -121.333000 ) (5012 -4096 -121.333000 ) (5012 -4140.250000 -121.333000 ) (4988 -4140.250000 -121.333000 ) 
4 0 1 (5012 -4164.250000 -121.333000 ) (5012 -5120 -121.333000 ) (4988 -5120 -121.333000 ) (4988 -4164.250000 -121.333000 ) 
4 0 1 (5012 -4096 -121.333000 ) (5120 -4096 -121.333000 ) (5120 -5120 -121.333000 ) (5012 -5120 -121.333000 ) 
4 0 1 (4110 -4096 -121.333000 ) (4988 -4096 -121.333000 ) (4988 -5120 -121.333000 ) (4110 -5120 -121.333000 ) 
4 0 1 (4096 -4312 -121.333000 ) (4096 -4096 -121.333000 ) (4110 -4096 -121.333000 ) (4110 -4312 -121.333000 ) 
4 0 1 (4096 -5120 -121.333000 ) (4096 -4312 -121.333000 ) (4110 -4312 -121.333000 ) (4110 -5120 -121.333000 ) 
4 0 1 (6144 -6144 -121.333000 ) (6144 -5120 -121.333000 ) (7168 -5120 -121.333000 ) (7168 -6144 -121.333000 ) 
4 0 1 (7168 -7168 -121.333000 ) (6144 -7168 -121.333000 ) (6144 -6144 -121.333000 ) (7168 -6144 -121.333000 ) 
4 0 1 (6144 -6144 -121.333000 ) (5120 -6144 -121.333000 ) (5120 -5120 -121.333000 ) (6144 -5120 -121.333000 ) 
4 0 1 (5120 -5120 -121.333000 ) (5120 -6144 -121.333000 ) (4096 -6144 -121.333000 ) (4096 -5120 -121.333000 ) 
4 0 1 (5120 -6144 -121.333000 ) (6144 -6144 -121.333000 ) (6144 -7168 -121.333000 ) (5120 -7168 -121.333000 ) 
4 0 1 (5120 -6144 -121.333000 ) (5120 -7168 -121.333000 ) (4096 -7168 -121.333000 ) (4096 -6144 -121.333000 ) 
4 0 1 (8448 -8192 -121.333000 ) (8192 -8192 -121.333000 ) (8192 -7168 -121.333000 ) (8448 -7168 -121.333000 ) 
4 0 1 (7168 -7168 -121.333000 ) (8192 -7168 -121.333000 ) (8192 -8192 -121.333000 ) (7168 -8192 -121.333000 ) 
4 0 1 (8192 -9152 -121.333000 ) (8192 -8192 -121.333000 ) (8448 -8192 -121.333000 ) (8448 -9152 -121.333000 ) 
4 0 1 (8192 -8192 -121.333000 ) (8192 -9152 -121.333000 ) (7168 -9152 -121.333000 ) (7168 -8192 -121.333000 ) 
4 0 1 (6144 -8192 -121.333000 ) (6144 -7168 -121.333000 ) (7168 -7168 -121.333000 ) (7168 -8192 -121.333000 ) 
4 0 1 (6144 -9152 -121.333000 ) (6144 -8192 -121.333000 ) (7168 -8192 -121.333000 ) (7168 -9152 -121.333000 ) 
4 0 1 (6144 -8192 -121.333000 ) (5120 -8192 -121.333000 ) (5120 -7168 -121.333000 ) (6144 -7168 -121.333000 ) 
4 0 1 (5120 -7168 -121.333000 ) (5120 -8192 -121.333000 ) (4096 -8192 -121.333000 ) (4096 -7168 -121.333000 ) 
4 0 1 (5120 -8192 -121.333000 ) (6144 -8192 -121.333000 ) (6144 -9152 -121.333000 ) (5120 -9152 -121.333000 ) 
4 0 1 (5120 -8192 -121.333000 ) (5120 -9152 -121.333000 ) (4096 -9152 -121.333000 ) (4096 -8192 -121.333000 ) 
4 0 1 (4000 -4096 -121.333000 ) (4096 -4096 -121.333000 ) (4096 -4132 -121.333000 ) (4000 -4132 -121.333000 ) 
4 0 1 (3528 -4096 -121.333000 ) (3886 -4096 -121.333000 ) (3886 -4132 -121.333000 ) (3528 -4132 -121.333000 ) 
4 0 1 (3886 -4096 -121.333000 ) (3928 -4096 -121.333000 ) (3928 -4132 -121.333000 ) (3886 -4132 -121.333000 ) 
4 0 1 (3928 -4096 -121.333000 ) (3944 -4096 -121.333000 ) (3944 -4132 -121.333000 ) (3928 -4132 -121.333000 ) 
4 0 1 (3944 -4096 -121.333000 ) (3992 -4096 -121.333000 ) (3992 -4132 -121.333000 ) (3944 -4132 -121.333000 ) 
4 0 1 (4096 -4132 -121.333000 ) (4096 -4148 -121.333000 ) (4000 -4148 -121.333000 ) (4000 -4132 -121.333000 ) 
4 0 1 (4096 -4148 -121.333000 ) (4096 -4558 -121.333000 ) (4000 -4558 -121.333000 ) (4000 -4148 -121.333000 ) 
4 0 1 (4000 -4558 -121.333000 ) (3944 -4558 -121.333000 ) (3944 -4148 -121.333000 ) (4000 -4148 -121.333000 ) 
4 0 1 (3886 -4558 -121.333000 ) (3528 -4558 -121.333000 ) (3528 -4132 -121.333000 ) (3886 -4132 -121.333000 ) 
4 0 1 (3928 -4558 -121.333000 ) (3886 -4558 -121.333000 ) (3886 -4132 -121.333000 ) (3928 -4132 -121.333000 ) 
4 0 1 (4096 -4558 -121.333000 ) (4096 -4574 -121.333000 ) (4000 -4574 -121.333000 ) (4000 -4558 -121.333000 ) 
4 0 1 (4000 -4574 -121.333000 ) (3944 -4574 -121.333000 ) (3944 -4558 -121.333000 ) (4000 -4558 -121.333000 ) 
4 0 1 (3792 -4574 -121.333000 ) (3616 -4574 -121.333000 ) (3616 -4558 -121.333000 ) (3792 -4558 -121.333000 ) 
4 0 1 (3496 -4096 -121.333000 ) (3528 -4096 -121.333000 ) (3528 -4132 -121.333000 ) (3496 -4132 -121.333000 ) 
4 0 1 (3512 -4574 -121.333000 ) (3488 -4574 -121.333000 ) (3488 -4148 -121.333000 ) (3512 -4148 -121.333000 ) 
4 0 1 (3153 -4096 -121.333000 ) (3154 -4096 -121.333000 ) (3154 -4360 -121.333000 ) (3153 -4360 -121.333000 ) 
4 0 1 (3072 -4360 -121.333000 ) (3072 -4096 -121.333000 ) (3153 -4096 -121.333000 ) (3153 -4360 -121.333000 ) 
4 0 1 (3240 -4338 -121.333000 ) (3240 -4352 -121.333000 ) (3154 -4352 -121.333000 ) (3154 -4338 -121.333000 ) 
4 0 1 (3154 -4096 -121.333000 ) (3240 -4096 -121.333000 ) (3240 -4338 -121.333000 ) (3154 -4338 -121.333000 ) 
4 0 1 (3240 -4352 -121.333000 ) (3240 -4360 -121.333000 ) (3154 -4360 -121.333000 ) (3154 -4352 -121.333000 ) 
4 0 1 (3240 -4096 -121.333000 ) (3241 -4096 -121.333000 ) (3241 -4360 -121.333000 ) (3240 -4360 -121.333000 ) 
4 0 1 (3241 -4096 -121.333000 ) (3488 -4096 -121.333000 ) (3488 -4360 -121.333000 ) (3241 -4360 -121.333000 ) 
4 0 1 (3326 -4360 -121.333000 ) (3488 -4360 -121.333000 ) (3488 -4446 -121.333000 ) (3326 -4446 -121.333000 ) 
4 0 1 (3308 -4360 -121.333000 ) (3326 -4360 -121.333000 ) (3326 -4446 -121.333000 ) (3308 -4446 -121.333000 ) 
4 0 1 (3153 -4360 -121.333000 ) (3154 -4360 -121.333000 ) (3154 -4446 -121.333000 ) (3153 -4446 -121.333000 ) 
4 0 1 (3072 -4446 -121.333000 ) (3072 -4360 -121.333000 ) (3153 -4360 -121.333000 ) (3153 -4446 -121.333000 ) 
4 0 1 (3154 -4360 -121.333000 ) (3240 -4360 -121.333000 ) (3240 -4446 -121.333000 ) (3154 -4446 -121.333000 ) 
4 0 1 (3240 -4360 -121.333000 ) (3241 -4360 -121.333000 ) (3241 -4446 -121.333000 ) (3240 -4446 -121.333000 ) 
4 0 1 (3241 -4360 -121.333000 ) (3308 -4360 -121.333000 ) (3308 -4446 -121.333000 ) (3241 -4446 -121.333000 ) 
4 0 1 (3153 -4446 -121.333000 ) (3154 -4446 -121.333000 ) (3154 -4447 -121.333000 ) (3153 -4447 -121.333000 ) 
4 0 1 (3072 -4447 -121.333000 ) (3072 -4446 -121.333000 ) (3153 -4446 -121.333000 ) (3153 -4447 -121.333000 ) 
4 0 1 (3154 -4446 -121.333000 ) (3240 -4446 -121.333000 ) (3240 -4447 -121.333000 ) (3154 -4447 -121.333000 ) 
4 0 1 (3072 -4574 -121.333000 ) (3072 -4447 -121.333000 ) (3240 -4447 -121.333000 ) (3240 -4574 -121.333000 ) 
4 0 1 (3240 -4446 -121.333000 ) (3241 -4446 -121.333000 ) (3241 -4447 -121.333000 ) (3240 -4447 -121.333000 ) 
4 0 1 (3241 -4447 -121.333000 ) (3241 -4574 -121.333000 ) (3240 -4574 -121.333000 ) (3240 -4447 -121.333000 ) 
4 0 1 (3241 -4446 -121.333000 ) (3488 -4446 -121.333000 ) (3488 -4574 -121.333000 ) (3241 -4574 -121.333000 ) 
4 0 1 (3240 -5120 -121.333000 ) (3072 -5120 -121.333000 ) (3072 -4574 -121.333000 ) (3240 -4574 -121.333000 ) 
4 0 1 (4096 -5120 -121.333000 ) (3240 -5120 -121.333000 ) (3240 -4574 -121.333000 ) (4096 -4574 -121.333000 ) 
4 0 1 (2048 -4307.618652 -121.333000 ) (2048 -4222.286621 -121.333000 ) (3072 -4458.213379 -121.333000 ) (3072 -4534.523438 -121.333000 ) 
4 0 1 (2048 -4197.413574 -121.333000 ) (2048 -4120 -121.333000 ) (3072 -4120 -121.333000 ) (3072 -4433.884277 -121.333000 ) 
4 0 1 (2048 -4120 -121.333000 ) (2048 -4096 -121.333000 ) (3072 -4096 -121.333000 ) (3072 -4120 -121.333000 ) 
4 0 1 (2516.924561 -4305.701660 -121.333000 ) (3072 -4433.884277 -121.333000 ) (3072 -4458.213379 -121.333000 ) (2511.515137 -4329.079102 -121.333000 ) 
4 0 1 (2048 -4222.286621 -121.333000 ) (2048 -4197.413574 -121.333000 ) (2493.499512 -4300.291992 -121.333000 ) (2488.086914 -4323.681152 -121.333000 ) 
4 0 1 (2493.499512 -4300.291992 -121.333000 ) (2516.924561 -4305.701660 -121.333000 ) (2511.515137 -4329.079102 -121.333000 ) (2488.086914 -4323.681152 -121.333000 ) 
4 0 1 (3072 -5120 -121.333000 ) (2048 -5120 -121.333000 ) (2048 -4332.214844 -121.333000 ) (3072 -4559.032227 -121.333000 ) 
4 0 1 (2048 -4332.214844 -121.333000 ) (2048 -4307.618652 -121.333000 ) (2215.806396 -4344.802246 -121.333000 ) (2210.595215 -4368.229980 -121.333000 ) 
4 0 1 (2239.270996 -4350.001465 -121.333000 ) (3072 -4534.523438 -121.333000 ) (3072 -4559.032227 -121.333000 ) (2234.072266 -4373.430176 -121.333000 ) 
4 0 1 (2215.806396 -4344.802246 -121.333000 ) (2239.270996 -4350.001465 -121.333000 ) (2234.072266 -4373.430176 -121.333000 ) (2210.595215 -4368.229980 -121.333000 ) 
4 0 1 (1216 -4096 -121.333000 ) (1392 -4096 -121.333000 ) (1392 -5120 -121.333000 ) (1216 -5120 -121.333000 ) 
4 0 1 (2048 -4120 -121.333000 ) (2048 -5120 -121.333000 ) (1392 -5120 -121.333000 ) (1392 -4120 -121.333000 ) 
4 0 1 (1392 -4096 -121.333000 ) (2048 -4096 -121.333000 ) (2048 -4120 -121.333000 ) (1392 -4120 -121.333000 ) 
4 0 1 (1052 -4096 -121.333000 ) (1216 -4096 -121.333000 ) (1216 -5120 -121.333000 ) (1052 -5120 -121.333000 ) 
4 0 1 (1024 -5120 -121.333000 ) (1024 -4864 -121.333000 ) (1052 -4864 -121.333000 ) (1052 -5120 -121.333000 ) 
4 0 1 (3072 -6144 -121.333000 ) (3072 -5120 -121.333000 ) (4096 -5120 -121.333000 ) (4096 -6144 -121.333000 ) 
4 0 1 (3072 -7168 -121.333000 ) (3072 -6144 -121.333000 ) (4096 -6144 -121.333000 ) (4096 -7168 -121.333000 ) 
4 0 1 (3072 -6144 -121.333000 ) (2048 -6144 -121.333000 ) (2048 -5120 -121.333000 ) (3072 -5120 -121.333000 ) 
4 0 1 (2048 -5120 -121.333000 ) (2048 -6144 -121.333000 ) (1216 -6144 -121.333000 ) (1216 -5120 -121.333000 ) 
4 0 1 (1216 -6144 -121.333000 ) (1024 -6144 -121.333000 ) (1024 -5120 -121.333000 ) (1216 -5120 -121.333000 ) 
4 0 1 (2048 -6144 -121.333000 ) (3072 -6144 -121.333000 ) (3072 -7168 -121.333000 ) (2048 -7168 -121.333000 ) 
4 0 1 (2048 -6144 -121.333000 ) (2048 -7168 -121.333000 ) (1024 -7168 -121.333000 ) (1024 -6144 -121.333000 ) 
4 0 1 (1024 -5120 -121.333000 ) (232 -5120 -121.333000 ) (232 -4864 -121.333000 ) (1024 -4864 -121.333000 ) 
4 0 1 (232 -5120 -121.333000 ) (1024 -5120 -121.333000 ) (1024 -6144 -121.333000 ) (232 -6144 -121.333000 ) 
4 0 1 (0 -6144 -121.333000 ) (0 -5356 -121.333000 ) (232 -5356 -121.333000 ) (232 -6144 -121.333000 ) 
4 0 1 (1024 -7168 -121.333000 ) (0 -7168 -121.333000 ) (0 -6144 -121.333000 ) (1024 -6144 -121.333000 ) 
4 0 1 (0 -6144 -121.333000 ) (-544 -6144 -121.333000 ) (-544 -5356 -121.333000 ) (0 -5356 -121.333000 ) 
4 0 1 (-544 -6144 -121.333000 ) (0 -6144 -121.333000 ) (0 -7168 -121.333000 ) (-544 -7168 -121.333000 ) 
4 0 1 (3072 -8192 -121.333000 ) (3072 -7168 -121.333000 ) (4096 -7168 -121.333000 ) (4096 -8192 -121.333000 ) 
4 0 1 (3072 -9152 -121.333000 ) (3072 -8192 -121.333000 ) (4096 -8192 -121.333000 ) (4096 -9152 -121.333000 ) 
4 0 1 (3072 -8192 -121.333000 ) (2048 -8192 -121.333000 ) (2048 -7168 -121.333000 ) (3072 -7168 -121.333000 ) 
4 0 1 (1024 -7168 -121.333000 ) (2048 -7168 -121.333000 ) (2048 -8192 -121.333000 ) (1024 -8192 -121.333000 ) 
4 0 1 (2048 -8192 -121.333000 ) (3072 -8192 -121.333000 ) (3072 -9152 -121.333000 ) (2048 -9152 -121.333000 ) 
4 0 1 (2048 -8192 -121.333000 ) (2048 -9152 -121.333000 ) (1024 -9152 -121.333000 ) (1024 -8192 -121.333000 ) 
4 0 1 (0 -8192 -121.333000 ) (0 -7168 -121.333000 ) (1024 -7168 -121.333000 ) (1024 -8192 -121.333000 ) 
4 0 1 (0 -9152 -121.333000 ) (0 -8192 -121.333000 ) (1024 -8192 -121.333000 ) (1024 -9152 -121.333000 ) 
4 0 1 (0 -8192 -121.333000 ) (-544 -8192 -121.333000 ) (-544 -7168 -121.333000 ) (0 -7168 -121.333000 ) 
4 0 1 (-544 -8192 -121.333000 ) (0 -8192 -121.333000 ) (0 -9152 -121.333000 ) (-544 -9152 -121.333000 ) 
